# JRE version: OpenJDK Runtime Environment (17.0.10) (build 17.0.10+0--11572160)
# Java VM: OpenJDK 64-Bit Server VM (17.0.10+0--11572160, mixed mode, tiered, compressed oops, compressed class ptrs, g1 gc, windows-amd64)
GC Precious Log:
 CPUs: 12 total, 12 available
 Memory: 16069M
 Large Page Support: Disabled
 NUMA Support: Disabled
 Compressed Oops: Enabled (32-bit)
 Heap Region Size: 1M
 Heap Min Capacity: 8M
 Heap Initial Capacity: 252M
 Heap Max Capacity: 2G
 Pre-touch: Disabled
 Parallel Workers: 10
 Concurrent Workers: 3
 Concurrent Refinement Workers: 10
 Periodic GC: Disabled
Heap:
 garbage-first heap   total 154624K, used 117719K [0x0000000080000000, 0x0000000100000000)
  region size 1024K, 57 young (58368K), 6 survivors (6144K)
 Metaspace       used 84029K, committed 84736K, reserved 1179648K
  class space    used 11756K, committed 12096K, reserved 1048576K
GC Heap History (20 events):
Event: 4.726 GC heap before
{Heap before GC invocations=10 (full 0):
 garbage-first heap   total 71680K, used 55047K [0x0000000080000000, 0x0000000100000000)
  region size 1024K, 33 young (33792K), 2 survivors (2048K)
 Metaspace       used 40750K, committed 41088K, reserved 1114112K
  class space    used 5412K, committed 5568K, reserved 1048576K
}
Event: 4.729 GC heap after
{Heap after GC invocations=11 (full 0):
 garbage-first heap   total 71680K, used 28120K [0x0000000080000000, 0x0000000100000000)
  region size 1024K, 5 young (5120K), 5 survivors (5120K)
 Metaspace       used 40750K, committed 41088K, reserved 1114112K
  class space    used 5412K, committed 5568K, reserved 1048576K
}
Event: 4.733 GC heap before
{Heap before GC invocations=11 (full 0):
 garbage-first heap   total 71680K, used 29144K [0x0000000080000000, 0x0000000100000000)
  region size 1024K, 6 young (6144K), 5 survivors (5120K)
 Metaspace       used 40751K, committed 41088K, reserved 1114112K
  class space    used 5412K, committed 5568K, reserved 1048576K
}
Event: 4.736 GC heap after
{Heap after GC invocations=12 (full 0):
 garbage-first heap   total 71680K, used 28558K [0x0000000080000000, 0x0000000100000000)
  region size 1024K, 1 young (1024K), 1 survivors (1024K)
 Metaspace       used 40751K, committed 41088K, reserved 1114112K
  class space    used 5412K, committed 5568K, reserved 1048576K
}
Event: 5.086 GC heap before
{Heap before GC invocations=12 (full 0):
 garbage-first heap   total 71680K, used 54158K [0x0000000080000000, 0x0000000100000000)
  region size 1024K, 27 young (27648K), 1 survivors (1024K)
 Metaspace       used 42256K, committed 42624K, reserved 1114112K
  class space    used 5642K, committed 5824K, reserved 1048576K
}
Event: 5.089 GC heap after
{Heap after GC invocations=13 (full 0):
 garbage-first heap   total 154624K, used 29334K [0x0000000080000000, 0x0000000100000000)
  region size 1024K, 2 young (2048K), 2 survivors (2048K)
 Metaspace       used 42256K, committed 42624K, reserved 1114112K
  class space    used 5642K, committed 5824K, reserved 1048576K
}
Event: 6.695 GC heap before
{Heap before GC invocations=13 (full 0):
 garbage-first heap   total 154624K, used 116374K [0x0000000080000000, 0x0000000100000000)
  region size 1024K, 85 young (87040K), 2 survivors (2048K)
 Metaspace       used 53273K, committed 53760K, reserved 1114112K
  class space    used 7329K, committed 7552K, reserved 1048576K
}
Event: 6.699 GC heap after
{Heap after GC invocations=14 (full 0):
 garbage-first heap   total 154624K, used 33921K [0x0000000080000000, 0x0000000100000000)
  region size 1024K, 6 young (6144K), 6 survivors (6144K)
 Metaspace       used 53273K, committed 53760K, reserved 1114112K
  class space    used 7329K, committed 7552K, reserved 1048576K
}
Event: 7.961 GC heap before
{Heap before GC invocations=14 (full 0):
 garbage-first heap   total 154624K, used 119937K [0x0000000080000000, 0x0000000100000000)
  region size 1024K, 85 young (87040K), 6 survivors (6144K)
 Metaspace       used 57287K, committed 57856K, reserved 1114112K
  class space    used 7960K, committed 8256K, reserved 1048576K
}
Event: 7.969 GC heap after
{Heap after GC invocations=15 (full 0):
 garbage-first heap   total 154624K, used 48783K [0x0000000080000000, 0x0000000100000000)
  region size 1024K, 11 young (11264K), 11 survivors (11264K)
 Metaspace       used 57287K, committed 57856K, reserved 1114112K
  class space    used 7960K, committed 8256K, reserved 1048576K
}
Event: 8.330 GC heap before
{Heap before GC invocations=15 (full 0):
 garbage-first heap   total 154624K, used 78479K [0x0000000080000000, 0x0000000100000000)
  region size 1024K, 40 young (40960K), 11 survivors (11264K)
 Metaspace       used 59454K, committed 60096K, reserved 1114112K
  class space    used 8247K, committed 8576K, reserved 1048576K
}
Event: 8.334 GC heap after
{Heap after GC invocations=16 (full 0):
 garbage-first heap   total 154624K, used 51992K [0x0000000080000000, 0x0000000100000000)
  region size 1024K, 2 young (2048K), 2 survivors (2048K)
 Metaspace       used 59454K, committed 60096K, reserved 1114112K
  class space    used 8247K, committed 8576K, reserved 1048576K
}
Event: 9.187 GC heap before
{Heap before GC invocations=17 (full 0):
 garbage-first heap   total 154624K, used 121624K [0x0000000080000000, 0x0000000100000000)
  region size 1024K, 69 young (70656K), 2 survivors (2048K)
 Metaspace       used 66701K, committed 67264K, reserved 1114112K
  class space    used 9169K, committed 9472K, reserved 1048576K
}
Event: 9.190 GC heap after
{Heap after GC invocations=18 (full 0):
 garbage-first heap   total 154624K, used 56365K [0x0000000080000000, 0x0000000100000000)
  region size 1024K, 6 young (6144K), 6 survivors (6144K)
 Metaspace       used 66701K, committed 67264K, reserved 1114112K
  class space    used 9169K, committed 9472K, reserved 1048576K
}
Event: 9.906 GC heap before
{Heap before GC invocations=18 (full 0):
 garbage-first heap   total 154624K, used 124973K [0x0000000080000000, 0x0000000100000000)
  region size 1024K, 69 young (70656K), 6 survivors (6144K)
 Metaspace       used 70809K, committed 71424K, reserved 1114112K
  class space    used 9720K, committed 10048K, reserved 1048576K
}
Event: 9.913 GC heap after
{Heap after GC invocations=19 (full 0):
 garbage-first heap   total 154624K, used 60515K [0x0000000080000000, 0x0000000100000000)
  region size 1024K, 8 young (8192K), 8 survivors (8192K)
 Metaspace       used 70809K, committed 71424K, reserved 1114112K
  class space    used 9720K, committed 10048K, reserved 1048576K
}
Event: 10.605 GC heap before
{Heap before GC invocations=19 (full 0):
 garbage-first heap   total 154624K, used 122979K [0x0000000080000000, 0x0000000100000000)
  region size 1024K, 69 young (70656K), 8 survivors (8192K)
 Metaspace       used 76022K, committed 76608K, reserved 1179648K
  class space    used 10424K, committed 10688K, reserved 1048576K
}
Event: 10.611 GC heap after
{Heap after GC invocations=20 (full 0):
 garbage-first heap   total 154624K, used 64760K [0x0000000080000000, 0x0000000100000000)
  region size 1024K, 9 young (9216K), 9 survivors (9216K)
 Metaspace       used 76022K, committed 76608K, reserved 1179648K
  class space    used 10424K, committed 10688K, reserved 1048576K
}
Event: 11.320 GC heap before
{Heap before GC invocations=20 (full 0):
 garbage-first heap   total 154624K, used 124152K [0x0000000080000000, 0x0000000100000000)
  region size 1024K, 66 young (67584K), 9 survivors (9216K)
 Metaspace       used 80060K, committed 80704K, reserved 1179648K
  class space    used 11154K, committed 11456K, reserved 1048576K
}
Event: 11.325 GC heap after
{Heap after GC invocations=21 (full 0):
 garbage-first heap   total 154624K, used 66519K [0x0000000080000000, 0x0000000100000000)
  region size 1024K, 6 young (6144K), 6 survivors (6144K)
 Metaspace       used 80060K, committed 80704K, reserved 1179648K
  class space    used 11154K, committed 11456K, reserved 1048576K
}

